rows, features: (40993, 20000)
[Parallel(n_jobs=-1)]: Using backend LokyBackend with 16 concurrent workers.
[CV]  ................................................................
[CV] ................................................. , total=  36.4s
[CV]  ................................................................
[CV] ................................................. , total=  35.8s
[CV]  ................................................................
[CV] ................................................. , total=  36.5s
[CV]  ................................................................
[CV] ................................................. , total=  36.7s
[CV]  ................................................................
[CV] ................................................. , total=  36.9s
[CV]  ................................................................
[CV] ................................................. , total= 2.2min
[CV]  ................................................................
[CV] ................................................. , total= 3.6min
[CV]  ................................................................
[CV] ................................................. , total= 3.6min
[CV]  ................................................................
[CV] ................................................. , total= 3.8min
Validation complete for model: MultinomialNB.
Hold-out test complete for model: MultinomialNB.
Validation complete for model: LogisticRegression.
Hold-out test complete for model: LogisticRegression.
[Parallel(n_jobs=-1)]: Done   5 out of   5 | elapsed:  1.0min finished
[Parallel(n_jobs=-1)]: Using backend LokyBackend with 16 concurrent workers.
[Parallel(n_jobs=-1)]: Done   5 out of   5 | elapsed:  4.6min finished
[Parallel(n_jobs=-1)]: Using backend LokyBackend with 16 concurrent workers.
......................................................................
Warning: using -h 0 may be faster
.....
Warning: using -h 0 may be faster
..
Warning: using -h 0 may be faster
..
Warning: using -h 0 may be faster

Warning: using -h 0 may be faster
*....*...*....*.*......*..*.
Warning: using -h 0 may be faster
*..*.
Warning: using -h 0 may be faster
*.
Warning: using -h 0 may be faster
*
optimization finished, #iter = 20962
obj = -17656.524615, rho = 1.164395
nSV = 21320, nBSV = 19839
Total nSV = 21320
*
optimization finished, #iter = 19897
obj = -18109.521862, rho = 1.039824
nSV = 21926, nBSV = 20358
Total nSV = 21926
*
optimization finished, #iter = 21556
obj = -18166.262005, rho = 1.041234
nSV = 21981, nBSV = 20373
Total nSV = 21981
*
optimization finished, #iter = 21571
obj = -18205.301112, rho = 1.036458
nSV = 22089, nBSV = 20476
Total nSV = 22089
*
optimization finished, #iter = 20347
obj = -18081.289077, rho = 1.045981
nSV = 21933, nBSV = 20306
Total nSV = 21933
[CV]  ................................................................
[CV] ................................................. , total= 4.4min
[CV]  ................................................................
[LibSVM][CV] ................................................ , total=839.0min
[CV]  ................................................................
[LibSVM][CV] ................................................ , total=865.8min
[CV]  ................................................................
[LibSVM][CV] ................................................ , total=867.8min
[CV]  ................................................................
[LibSVM][CV] ................................................ , total=875.2min
[CV]  ................................................................
[LibSVM][CV] ................................................ , total=878.6min
............