[Parallel(n_jobs=-1)]: Using backend LokyBackend with 6 concurrent workers.
[Parallel(n_jobs=-1)]: Done   3 out of   5 | elapsed: 15.1min remaining: 10.1min
[Parallel(n_jobs=-1)]: Done   5 out of   5 | elapsed: 15.9min finished
[Parallel(n_jobs=-1)]: Using backend LokyBackend with 6 concurrent workers.
[CV]  ................................................................
[CV] ................................................. , total=10.9min
[CV]  ................................................................
[CV] ................................................. , total=58.2min
[CV]  ................................................................
[CV] ................................................. , total=10.6min
[CV]  ................................................................
[CV] ................................................. , total=59.9min
[CV]  ................................................................
[CV] ................................................. , total=10.5min
[CV]  ................................................................
[CV] ................................................. , total=63.8min
[CV]  ................................................................
[CV] ................................................. , total=10.6min
[CV]  ................................................................
[CV] ................................................. , total=65.8min
[Parallel(n_jobs=-1)]: Done   3 out of   5 | elapsed: 66.8min remaining: 44.6min
[Parallel(n_jobs=-1)]: Done   5 out of   5 | elapsed: 80.6min finished
[Parallel(n_jobs=-1)]: Using backend LokyBackend with 6 concurrent workers.
[CV]  ................................................................
[CV] ................................................. , total= 9.8min
[CV]  ................................................................
[CV] ................................................. , total=77.7min
..........................