rows, features: (57478, 20000)
[Parallel(n_jobs=-1)]: Using backend LokyBackend with 16 concurrent workers.
Validation complete for model: MultinomialNB.
Hold-out test complete for model: MultinomialNB.
Validation complete for model: LogisticRegression.
Hold-out test complete for model: LogisticRegression.
Validation complete for model: LinearSVC.
Hold-out test complete for model: LinearSVC.
Validation complete for model: RandomForestClassifier.
Hold-out test complete for model: RandomForestClassifier.
[Parallel(n_jobs=-1)]: Done   5 out of   5 | elapsed:   35.5s finished
[Parallel(n_jobs=-1)]: Using backend LokyBackend with 16 concurrent workers.
[Parallel(n_jobs=-1)]: Done   5 out of   5 | elapsed:  3.1min finished
[Parallel(n_jobs=-1)]: Using backend LokyBackend with 16 concurrent workers.
[Parallel(n_jobs=-1)]: Done   5 out of   5 | elapsed:   32.2s finished
[Parallel(n_jobs=-1)]: Using backend LokyBackend with 16 concurrent workers.
[Parallel(n_jobs=-1)]: Done   5 out of   5 | elapsed:  1.3min finished
[Parallel(n_jobs=-1)]: Using backend LokyBackend with 16 concurrent workers.
[CV]  ................................................................
[CV] ................................................. , total=  20.8s
[CV]  ................................................................
[CV] ................................................. , total=  20.8s
[CV]  ................................................................
[CV] ................................................. , total=  20.7s
[CV]  ................................................................
[CV] ................................................. , total=  20.9s
[CV]  ................................................................
[CV] ................................................. , total=  20.7s
[CV]  ................................................................
[CV] ................................................. , total=  21.3s
[CV]  ................................................................
[CV] ................................................. , total=  59.8s
[CV]  ................................................................
[CV] ................................................. , total=  21.0s
[CV]  ................................................................
[CV] ................................................. , total= 1.0min
[CV]  ................................................................
[CV] ................................................. , total=  20.8s
[CV]  ................................................................
[CV] ................................................. , total=  59.7s
[CV]  ................................................................
[CV] ................................................. , total=  21.1s
[CV]  ................................................................
[CV] ................................................. , total= 1.0min
[CV]  ................................................................
[CV] ................................................. , total=  21.0s
[CV]  ................................................................
[CV] ................................................. , total= 1.0min
[CV]  ................................................................
[CV] ................................................. , total= 2.5min
[CV]  ................................................................
[CV] ................................................. , total=42.5min
[CV]  ................................................................
[CV] ................................................. , total= 2.8min
[CV]  ................................................................
[CV] ................................................. , total=42.6min
[CV]  ................................................................
[CV] ................................................. , total= 2.7min
[CV]  ................................................................
[CV] ................................................. , total=42.6min
[CV]  ................................................................
[CV] ................................................. , total= 2.9min
[CV]  ................................................................
[CV] ................................................. , total=42.8min
[CV]  ................................................................
[CV] ................................................. , total= 2.6min
[CV]  ................................................................
[CV] ................................................. , total=42.9min
Validation complete for model: AdaBoostClassifier.
Hold-out test complete for model: AdaBoostClassifier.
[Parallel(n_jobs=-1)]: Done   5 out of   5 | elapsed: 46.0min finished
[Parallel(n_jobs=-1)]: Using backend LokyBackend with 16 concurrent workers.
[CV]  ................................................................
[CV] ................................................ , total=149.3min
[CV]  ................................................................
[CV] ................................................ , total=150.3min
[CV]  ................................................................
[CV] ................................................ , total=150.6min
[CV]  ................................................................
[CV] ................................................ , total=151.1min
[CV]  ................................................................
[CV] ................................................ , total=151.2min
[Parallel(n_jobs=-1)]: Done   5 out of   5 | elapsed: 151.6min finished
Validation complete for model: GradientBoostingClassifier.
Hold-out test complete for model: GradientBoostingClassifier.
