rows, features: (40993, 181252)
[Parallel(n_jobs=-1)]: Using backend LokyBackend with 16 concurrent workers.
Validation complete for model: MultinomialNB.
Hold-out test complete for model: MultinomialNB.
[Parallel(n_jobs=-1)]: Done   5 out of   5 | elapsed: 13.1min finished
[Parallel(n_jobs=-1)]: Using backend LokyBackend with 16 concurrent workers.
[CV]  ................................................................
[CV] ................................................. , total= 8.4min
[CV]  ................................................................
[CV] ................................................. , total=32.2min
[CV]  ................................................................
[CV] ................................................. , total= 8.5min
[CV]  ................................................................
[CV] ................................................. , total=39.3min
[CV]  ................................................................
[CV] ................................................. , total= 8.4min
[CV]  ................................................................
[CV] ................................................. , total=44.6min
[CV]  ................................................................
[CV] ................................................. , total= 8.4min
[CV]  ................................................................
[CV] ................................................. , total=58.9min
[CV]  ................................................................
[CV] ................................................. , total= 8.4min
[CV]  ................................................................
[CV] ................................................. , total=59.6min
Validation complete for model: LogisticRegression.
Hold-out test complete for model: LogisticRegression.
[Parallel(n_jobs=-1)]: Done   5 out of   5 | elapsed: 62.4min finished
[Parallel(n_jobs=-1)]: Using backend LokyBackend with 16 concurrent workers.
