rows, features: (57478, 278992)
[Parallel(n_jobs=-1)]: Using backend LokyBackend with 48 concurrent workers.
[CV]  ................................................................
[CV] ................................................. , total= 4.5min
[CV]  ................................................................
[CV] ................................................. , total= 4.6min
[CV]  ................................................................
[CV] ................................................. , total= 4.7min
[CV]  ................................................................
[CV] ................................................. , total= 4.8min
Validation complete for model: MultinomialNB.
Hold-out test complete for model: MultinomialNB.
[Parallel(n_jobs=-1)]: Done   3 out of   5 | elapsed: 12.9min remaining:  8.6min
[Parallel(n_jobs=-1)]: Done   5 out of   5 | elapsed: 13.3min finished
[Parallel(n_jobs=-1)]: Using backend LokyBackend with 48 concurrent workers.
[CV]  ................................................................
[CV] ................................................. , total=62.1min
[CV]  ................................................................
[CV] ................................................. , total= 4.9min
[CV]  ................................................................
[CV] ................................................. , total=89.3min
[CV]  ................................................................
[CV] ................................................. , total=92.1min
[CV]  ................................................................
[CV] ................................................. , total=97.9min
[CV]  ................................................................
[CV] ................................................ , total=104.1min
Validation complete for model: LogisticRegression.
Hold-out test complete for model: LogisticRegression.
[Parallel(n_jobs=-1)]: Done   3 out of   5 | elapsed: 98.5min remaining: 65.7min
[Parallel(n_jobs=-1)]: Done   5 out of   5 | elapsed: 110.4min finished
[Parallel(n_jobs=-1)]: Using backend LokyBackend with 48 concurrent workers.
Validation complete for model: LinearSVC.
Hold-out test complete for model: LinearSVC.
[Parallel(n_jobs=-1)]: Done   3 out of   5 | elapsed:  9.9min remaining:  6.6min
[Parallel(n_jobs=-1)]: Done   5 out of   5 | elapsed: 10.3min finished
[Parallel(n_jobs=-1)]: Using backend LokyBackend with 48 concurrent workers.
[CV]  ................................................................
[CV] ................................................. , total= 3.9min
[CV]  ................................................................
[CV] ................................................. , total= 4.2min
[CV]  ................................................................
[CV] ................................................. , total= 4.3min
[CV]  ................................................................
[CV] ................................................. , total= 3.6min
[CV]  ................................................................
[CV] ................................................. , total= 3.8min
[CV]  ................................................................
[CV] ................................................. , total=11.2min
[CV]  ................................................................
[CV] ................................................. , total=16.8min
[CV]  ................................................................
[CV] ................................................. , total=17.6min
[CV]  ................................................................
[CV] ................................................. , total=17.8min
[CV]  ................................................................
[CV] ................................................. , total=18.2min
Validation complete for model: RandomForestClassifier.
Hold-out test complete for model: RandomForestClassifier.
[Parallel(n_jobs=-1)]: Done   3 out of   5 | elapsed: 25.5min remaining: 17.0min
[Parallel(n_jobs=-1)]: Done   5 out of   5 | elapsed: 28.7min finished
[Parallel(n_jobs=-1)]: Using backend LokyBackend with 48 concurrent workers.
[CV]  ................................................................
[CV] ............................................... , total=3046.2min
[CV]  ................................................................
[CV] ............................................... , total=3239.7min
[CV]  ................................................................
[CV] ............................................... , total=3768.0min
[CV]  ................................................................
[CV] ............................................... , total=3903.2min
[CV]  ................................................................
[CV] ............................................... , total=4199.2min
